<?xml version="1.0" encoding="UTF-8"?>
<!-- Generated by org.testng.reporters.JUnitXMLReporter -->
<testsuite ignored="0" hostname="IN-63MZ9K3" failures="0" tests="4" name="Test on Chrome" time="19.25" errors="0" timestamp="2022-10-21T14:15:34 IST">
  <testcase classname="com.nagarro.qa.testcases.LaunchPageTest" name="launchNagarroPageValidation" time="0.108"/>
  <testcase classname="com.nagarro.qa.testcases.LaunchPageTest" name="pageLableValidation" time="0.043"/>
  <testcase classname="com.nagarro.qa.testcases.LaunchPageTest" name="aboutUsButtonClick" time="9.233"/>
  <testcase classname="com.nagarro.qa.testcases.LaunchPageTest" name="NagarroAboutUsPageValidation" time="0.06"/>
</testsuite> <!-- Test on Chrome -->
