<?xml version="1.0" encoding="UTF-8"?>
<testng-results ignored="0" total="4" passed="4" failed="0" skipped="0">
  <reporter-output>
  </reporter-output>
  <suite started-at="2022-10-21T14:15:15 IST" name="Suite" finished-at="2022-10-21T14:15:34 IST" duration-ms="19250">
    <groups>
    </groups>
    <test started-at="2022-10-21T14:15:15 IST" name="Test on Chrome" finished-at="2022-10-21T14:15:34 IST" duration-ms="19250">
      <class name="com.nagarro.qa.testcases.LaunchPageTest">
        <test-method is-config="true" signature="ExtentReportSetup()[pri:0, instance:com.nagarro.qa.testcases.LaunchPageTest@6e6f2380]" started-at="2022-10-21T14:15:14 IST" name="ExtentReportSetup" finished-at="2022-10-21T14:15:15 IST" duration-ms="162" status="PASS">
          <reporter-output>
          </reporter-output>
        </test-method> <!-- ExtentReportSetup -->
        <test-method is-config="true" signature="setup(java.lang.String)[pri:0, instance:com.nagarro.qa.testcases.LaunchPageTest@6e6f2380]" started-at="2022-10-21T14:15:15 IST" name="setup" finished-at="2022-10-21T14:15:22 IST" duration-ms="7204" status="PASS">
          <params>
            <param index="0">
              <value>
                <![CDATA[Chrome]]>
              </value>
            </param>
          </params>
          <reporter-output>
          </reporter-output>
        </test-method> <!-- setup -->
        <test-method is-config="true" signature="pre_requisite()[pri:0, instance:com.nagarro.qa.testcases.LaunchPageTest@6e6f2380]" started-at="2022-10-21T14:15:22 IST" name="pre_requisite" finished-at="2022-10-21T14:15:22 IST" duration-ms="27" status="PASS">
          <reporter-output>
          </reporter-output>
        </test-method> <!-- pre_requisite -->
        <test-method signature="launchNagarroPageValidation()[pri:1, instance:com.nagarro.qa.testcases.LaunchPageTest@6e6f2380]" started-at="2022-10-21T14:15:22 IST" name="launchNagarroPageValidation" finished-at="2022-10-21T14:15:22 IST" duration-ms="108" status="PASS">
          <reporter-output>
          </reporter-output>
        </test-method> <!-- launchNagarroPageValidation -->
        <test-method is-config="true" signature="pre_requisite()[pri:0, instance:com.nagarro.qa.testcases.LaunchPageTest@6e6f2380]" started-at="2022-10-21T14:15:22 IST" name="pre_requisite" finished-at="2022-10-21T14:15:22 IST" duration-ms="1" status="PASS">
          <reporter-output>
          </reporter-output>
        </test-method> <!-- pre_requisite -->
        <test-method signature="pageLableValidation()[pri:2, instance:com.nagarro.qa.testcases.LaunchPageTest@6e6f2380]" started-at="2022-10-21T14:15:22 IST" name="pageLableValidation" finished-at="2022-10-21T14:15:22 IST" duration-ms="43" status="PASS">
          <reporter-output>
          </reporter-output>
        </test-method> <!-- pageLableValidation -->
        <test-method is-config="true" signature="pre_requisite()[pri:0, instance:com.nagarro.qa.testcases.LaunchPageTest@6e6f2380]" started-at="2022-10-21T14:15:23 IST" name="pre_requisite" finished-at="2022-10-21T14:15:23 IST" duration-ms="1" status="PASS">
          <reporter-output>
          </reporter-output>
        </test-method> <!-- pre_requisite -->
        <test-method signature="aboutUsButtonClick()[pri:3, instance:com.nagarro.qa.testcases.LaunchPageTest@6e6f2380]" started-at="2022-10-21T14:15:23 IST" name="aboutUsButtonClick" finished-at="2022-10-21T14:15:32 IST" duration-ms="9233" status="PASS">
          <reporter-output>
          </reporter-output>
        </test-method> <!-- aboutUsButtonClick -->
        <test-method is-config="true" signature="pre_requisite()[pri:0, instance:com.nagarro.qa.testcases.LaunchPageTest@6e6f2380]" started-at="2022-10-21T14:15:32 IST" name="pre_requisite" finished-at="2022-10-21T14:15:32 IST" duration-ms="1" status="PASS">
          <reporter-output>
          </reporter-output>
        </test-method> <!-- pre_requisite -->
        <test-method signature="NagarroAboutUsPageValidation()[pri:4, instance:com.nagarro.qa.testcases.LaunchPageTest@6e6f2380]" started-at="2022-10-21T14:15:32 IST" name="NagarroAboutUsPageValidation" finished-at="2022-10-21T14:15:32 IST" duration-ms="60" status="PASS">
          <reporter-output>
          </reporter-output>
        </test-method> <!-- NagarroAboutUsPageValidation -->
        <test-method is-config="true" signature="tear_drown()[pri:0, instance:com.nagarro.qa.testcases.LaunchPageTest@6e6f2380]" started-at="2022-10-21T14:15:33 IST" name="tear_drown" finished-at="2022-10-21T14:15:34 IST" duration-ms="1092" status="PASS">
          <reporter-output>
          </reporter-output>
        </test-method> <!-- tear_drown -->
      </class> <!-- com.nagarro.qa.testcases.LaunchPageTest -->
    </test> <!-- Test on Chrome -->
  </suite> <!-- Suite -->
</testng-results>
