<?xml version="1.0" encoding="UTF-8"?>
<testsuite xmlns:xsi="http://www.w3.org/2001/XMLSchema-instance" xsi:noNamespaceSchemaLocation="https://maven.apache.org/surefire/maven-surefire-plugin/xsd/surefire-test-report-3.0.xsd" version="3.0" name="TestSuite" time="19.916" tests="4" errors="0" skipped="0" failures="0">
  <properties>
[...]
</properties>
  <testcase name="launchNagarroPageValidation" classname="com.nagarro.qa.testcases.LaunchPageTest" time="0.347">
    <system-out><![CDATA[...
... TestNG 7.6.1 by Cédric Beust (cedric@beust.com)
...

Test Suite Started..Test on Chrome
Thread info...1
launchNagarroPageValidation started..
Nagarro SAP Services
]]></system-out>
    <system-err><![CDATA[SLF4J: Failed to load class "org.slf4j.impl.StaticLoggerBinder".
SLF4J: Defaulting to no-operation (NOP) logger implementation
SLF4J: See http://www.slf4j.org/codes.html#StaticLoggerBinder for further details.
Starting ChromeDriver 106.0.5249.61 (511755355844955cd3e264779baf0dd38212a4d0-refs/branch-heads/5249@{#569}) on port 65488
Only local connections are allowed.
Please see https://chromedriver.chromium.org/security-considerations for suggestions on keeping ChromeDriver safe.
ChromeDriver was started successfully.
Oct 21, 2022 2:15:17 PM org.openqa.selenium.remote.ProtocolHandshake createSession
INFO: Detected upstream dialect: W3C
Oct 21, 2022 2:15:17 PM org.openqa.selenium.devtools.CdpVersionFinder findNearestMatch
WARNING: Unable to find an exact match for CDP version 106, so returning the closest version found: 104
Oct 21, 2022 2:15:17 PM org.openqa.selenium.devtools.CdpVersionFinder findNearestMatch
INFO: Found CDP implementation for version 106 of 104
]]></system-err>
  </testcase>
  <testcase name="pageLableValidation" classname="com.nagarro.qa.testcases.LaunchPageTest" time="0.268">
    <system-out><![CDATA[pageLableValidation started..
Nagarro SAP Services
]]></system-out>
  </testcase>
  <testcase name="aboutUsButtonClick" classname="com.nagarro.qa.testcases.LaunchPageTest" time="9.702">
    <system-out><![CDATA[aboutUsButtonClick started..
]]></system-out>
  </testcase>
  <testcase name="NagarroAboutUsPageValidation" classname="com.nagarro.qa.testcases.LaunchPageTest" time="0.546">
    <system-out><![CDATA[NagarroAboutUsPageValidation started..
]]></system-out>
  </testcase>
</testsuite>