<?xml version="1.0" encoding="UTF-8"?>
<testng-results ignored="0" total="4" passed="4" failed="0" skipped="0">
  <reporter-output>
  </reporter-output>
  <suite started-at="2022-10-21T13:25:49 IST" name="Suite" finished-at="2022-10-21T13:26:09 IST" duration-ms="20819">
    <groups>
    </groups>
    <test started-at="2022-10-21T13:25:49 IST" name="Test on Chrome" finished-at="2022-10-21T13:26:09 IST" duration-ms="20819">
      <class name="com.nagarro.qa.testcases.LaunchPageTest">
        <test-method is-config="true" signature="ExtentReportSetup()[pri:0, instance:com.nagarro.qa.testcases.LaunchPageTest@4efac082]" started-at="2022-10-21T13:25:48 IST" name="ExtentReportSetup" finished-at="2022-10-21T13:25:49 IST" duration-ms="164" status="PASS">
          <reporter-output>
          </reporter-output>
        </test-method> <!-- ExtentReportSetup -->
        <test-method is-config="true" signature="setup(java.lang.String)[pri:0, instance:com.nagarro.qa.testcases.LaunchPageTest@4efac082]" started-at="2022-10-21T13:25:49 IST" name="setup" finished-at="2022-10-21T13:25:56 IST" duration-ms="7615" status="PASS">
          <params>
            <param index="0">
              <value>
                <![CDATA[Chrome]]>
              </value>
            </param>
          </params>
          <reporter-output>
          </reporter-output>
        </test-method> <!-- setup -->
        <test-method is-config="true" signature="pre_requisite()[pri:0, instance:com.nagarro.qa.testcases.LaunchPageTest@4efac082]" started-at="2022-10-21T13:25:56 IST" name="pre_requisite" finished-at="2022-10-21T13:25:56 IST" duration-ms="29" status="PASS">
          <reporter-output>
          </reporter-output>
        </test-method> <!-- pre_requisite -->
        <test-method signature="launchNagarroPageValidation()[pri:1, instance:com.nagarro.qa.testcases.LaunchPageTest@4efac082]" started-at="2022-10-21T13:25:56 IST" name="launchNagarroPageValidation" finished-at="2022-10-21T13:25:56 IST" duration-ms="106" status="PASS">
          <reporter-output>
          </reporter-output>
        </test-method> <!-- launchNagarroPageValidation -->
        <test-method is-config="true" signature="pre_requisite()[pri:0, instance:com.nagarro.qa.testcases.LaunchPageTest@4efac082]" started-at="2022-10-21T13:25:57 IST" name="pre_requisite" finished-at="2022-10-21T13:25:57 IST" duration-ms="0" status="PASS">
          <reporter-output>
          </reporter-output>
        </test-method> <!-- pre_requisite -->
        <test-method signature="pageLableValidation()[pri:2, instance:com.nagarro.qa.testcases.LaunchPageTest@4efac082]" started-at="2022-10-21T13:25:57 IST" name="pageLableValidation" finished-at="2022-10-21T13:25:57 IST" duration-ms="46" status="PASS">
          <reporter-output>
          </reporter-output>
        </test-method> <!-- pageLableValidation -->
        <test-method is-config="true" signature="pre_requisite()[pri:0, instance:com.nagarro.qa.testcases.LaunchPageTest@4efac082]" started-at="2022-10-21T13:25:57 IST" name="pre_requisite" finished-at="2022-10-21T13:25:57 IST" duration-ms="1" status="PASS">
          <reporter-output>
          </reporter-output>
        </test-method> <!-- pre_requisite -->
        <test-method signature="aboutUsButtonClick()[pri:3, instance:com.nagarro.qa.testcases.LaunchPageTest@4efac082]" started-at="2022-10-21T13:25:57 IST" name="aboutUsButtonClick" finished-at="2022-10-21T13:26:07 IST" duration-ms="9651" status="PASS">
          <reporter-output>
          </reporter-output>
        </test-method> <!-- aboutUsButtonClick -->
        <test-method is-config="true" signature="pre_requisite()[pri:0, instance:com.nagarro.qa.testcases.LaunchPageTest@4efac082]" started-at="2022-10-21T13:26:08 IST" name="pre_requisite" finished-at="2022-10-21T13:26:08 IST" duration-ms="0" status="PASS">
          <reporter-output>
          </reporter-output>
        </test-method> <!-- pre_requisite -->
        <test-method signature="NagarroAboutUsPageValidation()[pri:4, instance:com.nagarro.qa.testcases.LaunchPageTest@4efac082]" started-at="2022-10-21T13:26:08 IST" name="NagarroAboutUsPageValidation" finished-at="2022-10-21T13:26:08 IST" duration-ms="84" status="PASS">
          <reporter-output>
          </reporter-output>
        </test-method> <!-- NagarroAboutUsPageValidation -->
        <test-method is-config="true" signature="tear_drown()[pri:0, instance:com.nagarro.qa.testcases.LaunchPageTest@4efac082]" started-at="2022-10-21T13:26:08 IST" name="tear_drown" finished-at="2022-10-21T13:26:09 IST" duration-ms="1250" status="PASS">
          <reporter-output>
          </reporter-output>
        </test-method> <!-- tear_drown -->
      </class> <!-- com.nagarro.qa.testcases.LaunchPageTest -->
    </test> <!-- Test on Chrome -->
  </suite> <!-- Suite -->
</testng-results>
